<?xml version="1.0" encoding="utf-8"?><testsuites name="pytest tests"><testsuite name="pytest" errors="0" failures="0" skipped="0" tests="12" time="19.902" timestamp="2026-08-17T05:35:24.908917+00:00" hostname="agent-env-67346a67-313d-4c73-9e99-76e85f395b59"><testcase classname="tests.test_proxies" name="test_load_proxies_mixed_formats" time="0.277" /><testcase classname="tests.test_proxies" name="test_list_proxies_masks_password" time="0.096" /><testcase classname="tests.test_proxies" name="test_delete_single_proxy" time="0.286" /><testcase classname="tests.test_proxies" name="test_proxy_test_real_working" time="0.919" /><testcase classname="tests.test_proxies" name="test_proxy_test_bogus" time="15.142" /><testcase classname="tests.test_proxies" name="test_stored_proxy_test_ok" time="1.093" /><testcase classname="tests.test_proxies" name="test_stored_proxy_test_404" time="0.095" /><testcase classname="tests.test_proxies" name="test_assign_and_coverage" time="0.368" /><testcase classname="tests.test_proxies" name="test_accounts_list_does_not_leak_password" time="0.134" /><testcase classname="tests.test_proxies" name="test_unassign_resets_coverage" time="0.256" /><testcase classname="tests.test_proxies" name="test_assign_empty_returns_400" time="0.184" /><testcase classname="tests.test_proxies" name="test_clear_all" time="0.578" /></testsuite></testsuites>