<?xml version="1.0" encoding="utf-8"?><testsuites name="pytest tests"><testsuite name="pytest" errors="0" failures="0" skipped="0" tests="12" time="15.030" timestamp="2026-08-17T06:06:13.257153+00:00" hostname="agent-env-67346a67-313d-4c73-9e99-76e85f395b59"><testcase classname="tests.test_update_campaign" name="test_update_basic_fields" time="0.340" /><testcase classname="tests.test_repeat_loop_and_fallback" name="test_repeat_loop_runs_multiple_cycles" time="5.035" /><testcase classname="tests.test_update_campaign" name="test_update_concurrency_clamped" time="0.193" /><testcase classname="tests.test_update_campaign" name="test_update_empty_target_groups_400" time="0.149" /><testcase classname="tests.test_update_campaign" name="test_update_nonexistent_id_404" time="0.047" /><testcase classname="tests.test_update_campaign" name="test_update_bad_account_batch_400" time="0.147" /><testcase classname="tests.test_update_campaign" name="test_update_message_type_and_media_fields" time="0.148" /><testcase classname="tests.test_update_campaign" name="test_update_forward_link" time="0.147" /><testcase classname="tests.test_repeat_loop_and_fallback" name="test_hanging_account_does_not_stall" time="8.031" /><testcase classname="tests.test_repeat_loop_and_fallback" name="test_media_forbidden_falls_back_to_text" time="0.002" /><testcase classname="tests.test_repeat_loop_and_fallback" name="test_non_media_rpcerror_reraises" time="0.001" /><testcase classname="tests.test_repeat_loop_and_fallback" name="test_text_message_type_sends_normally" time="0.001" /></testsuite></testsuites>