<?xml version="1.0" encoding="utf-8"?><testsuites name="pytest tests"><testsuite name="pytest" errors="0" failures="0" skipped="0" tests="14" time="1.863" timestamp="2026-08-17T05:03:23.011352+00:00" hostname="agent-env-67346a67-313d-4c73-9e99-76e85f395b59"><testcase classname="tests.test_campaigns_concurrency" name="test_concurrency_default_25" time="0.329" /><testcase classname="tests.test_campaigns_concurrency" name="test_concurrency_50_stored" time="0.091" /><testcase classname="tests.test_campaigns_concurrency" name="test_concurrency_999_clamped_to_100" time="0.089" /><testcase classname="tests.test_campaigns_concurrency" name="test_concurrency_0_clamped_to_1" time="0.099" /><testcase classname="tests.test_campaigns_concurrency" name="test_concurrency_negative_clamped_to_1" time="0.084" /><testcase classname="tests.test_campaigns_concurrency" name="test_concurrency_persisted_in_list" time="0.129" /><testcase classname="tests.test_campaigns_concurrency" name="test_empty_target_groups_returns_400" time="0.082" /><testcase classname="tests.test_campaigns_concurrency" name="test_whitespace_only_target_groups_returns_400" time="0.042" /><testcase classname="tests.test_campaigns_concurrency" name="test_message_type_media" time="0.091" /><testcase classname="tests.test_campaigns_concurrency" name="test_message_type_forward" time="0.086" /><testcase classname="tests.test_campaigns_concurrency" name="test_interval_seconds_preserved" time="0.092" /><testcase classname="tests.test_campaigns_concurrency" name="test_invalid_account_batch_id_returns_400" time="0.044" /><testcase classname="tests.test_campaigns_concurrency" name="test_account_groups_accounts_section" time="0.042" /><testcase classname="tests.test_campaigns_concurrency" name="test_created_campaign_status_stopped" time="0.090" /></testsuite></testsuites>