<?xml version="1.0" encoding="utf-8"?><testsuites name="pytest tests"><testsuite name="pytest" errors="0" failures="0" skipped="0" tests="6" time="2.014" timestamp="2026-08-17T04:11:18.550005+00:00" hostname="agent-env-67346a67-313d-4c73-9e99-76e85f395b59"><testcase classname="tests.test_account_sections" name="test_account_groups_returns_list_with_accounts_section" time="0.196" /><testcase classname="tests.test_account_sections" name="test_total_section_count_matches_accounts_endpoint" time="0.344" /><testcase classname="tests.test_account_sections" name="test_campaign_create_with_valid_batch_id" time="0.573" /><testcase classname="tests.test_account_sections" name="test_campaign_create_without_batch_defaults_to_all" time="0.232" /><testcase classname="tests.test_account_sections" name="test_campaign_create_invalid_batch_returns_400" time="0.127" /><testcase classname="tests.test_account_sections" name="test_campaign_create_empty_target_groups_returns_400" time="0.094" /></testsuite></testsuites>