<?xml version="1.0" encoding="utf-8"?><testsuites name="pytest tests"><testsuite name="pytest" errors="0" failures="1" skipped="0" tests="5" time="2.399" timestamp="2026-08-17T06:14:49.778987+00:00" hostname="agent-env-67346a67-313d-4c73-9e99-76e85f395b59"><testcase classname="tests.test_targets_health_and_last_error" name="test_new_campaign_has_last_error_null" time="0.281" /><testcase classname="tests.test_targets_health_and_last_error" name="test_start_clears_last_error_no_accounts_branch" time="0.596"><failure message="AssertionError: start should clear last_error to null at some point&#10;assert False">backend/tests/test_targets_health_and_last_error.py:118: in test_start_clears_last_error_no_accounts_branch
    assert cleared_seen, "start should clear last_error to null at some point"
E   AssertionError: start should clear last_error to null at some point
E   assert False</failure></testcase><testcase classname="tests.test_targets_health_and_last_error" name="test_targets_health_classification" time="0.172" /><testcase classname="tests.test_targets_health_and_last_error" name="test_targets_health_404" time="0.043" /><testcase classname="tests.test_targets_health_and_last_error" name="test_remove_groups" time="0.250" /></testsuite></testsuites>